<?xml version="1.0" encoding="UTF-8"?>
<!-- Generated by org.testng.reporters.JUnitReportReporter -->
<testsuite hostname="INDELNB2016" failures="0" tests="1" name="com.selenium.test.ecommerce_automation.demoWebShop" time="18.841" errors="1" timestamp="2025-05-21T21:41:59 IST" skipped="0">
  <testcase classname="com.selenium.test.ecommerce_automation.demoWebShop" name="addToCart" time="18.841">
    <error message="Illegal character range near index 17
//*[@id=&quot;product-details-form&quot;]/div/div[1]/div[2]/div[1]/h1
                 ^" type="java.util.regex.PatternSyntaxException">
      <![CDATA[java.util.regex.PatternSyntaxException: Illegal character range near index 17
//*[@id="product-details-form"]/div/div[1]/div[2]/div[1]/h1
                 ^
at java.base/java.util.regex.Pattern.error(Pattern.java:2028)
at java.base/java.util.regex.Pattern.range(Pattern.java:2820)
at java.base/java.util.regex.Pattern.clazz(Pattern.java:2708)
at java.base/java.util.regex.Pattern.sequence(Pattern.java:2139)
at java.base/java.util.regex.Pattern.expr(Pattern.java:2069)
at java.base/java.util.regex.Pattern.compile(Pattern.java:1783)
at java.base/java.util.regex.Pattern.<init>(Pattern.java:1430)
at java.base/java.util.regex.Pattern.compile(Pattern.java:1069)
at java.base/java.util.regex.Pattern.matches(Pattern.java:1174)
at java.base/java.lang.String.matches(String.java:2846)
at com.selenium.test.ecommerce_automation.demoWebShop.addToCart(demoWebShop.java:76)
at java.base/jdk.internal.reflect.NativeMethodAccessorImpl.invoke0(Native Method)
at java.base/jdk.internal.reflect.NativeMethodAccessorImpl.invoke(NativeMethodAccessorImpl.java:77)
at java.base/jdk.internal.reflect.DelegatingMethodAccessorImpl.invoke(DelegatingMethodAccessorImpl.java:43)
at java.base/java.lang.reflect.Method.invoke(Method.java:568)
at org.testng.internal.invokers.MethodInvocationHelper.invokeMethod(MethodInvocationHelper.java:139)
at org.testng.internal.invokers.TestInvoker.invokeMethod(TestInvoker.java:664)
at org.testng.internal.invokers.TestInvoker.invokeTestMethod(TestInvoker.java:228)
at org.testng.internal.invokers.MethodRunner.runInSequence(MethodRunner.java:63)
at org.testng.internal.invokers.TestInvoker$MethodInvocationAgent.invoke(TestInvoker.java:961)
at org.testng.internal.invokers.TestInvoker.invokeTestMethods(TestInvoker.java:201)
at org.testng.internal.invokers.TestMethodWorker.invokeTestMethods(TestMethodWorker.java:148)
at org.testng.internal.invokers.TestMethodWorker.run(TestMethodWorker.java:128)
at java.base/java.util.ArrayList.forEach(ArrayList.java:1511)
at org.testng.TestRunner.privateRun(TestRunner.java:819)
at org.testng.TestRunner.run(TestRunner.java:619)
at org.testng.SuiteRunner.runTest(SuiteRunner.java:443)
at org.testng.SuiteRunner.runSequentially(SuiteRunner.java:437)
at org.testng.SuiteRunner.privateRun(SuiteRunner.java:397)
at org.testng.SuiteRunner.run(SuiteRunner.java:336)
at org.testng.SuiteRunnerWorker.runSuite(SuiteRunnerWorker.java:52)
at org.testng.SuiteRunnerWorker.run(SuiteRunnerWorker.java:95)
at org.testng.TestNG.runSuitesSequentially(TestNG.java:1301)
at org.testng.TestNG.runSuitesLocally(TestNG.java:1228)
at org.testng.TestNG.runSuites(TestNG.java:1134)
at org.testng.TestNG.run(TestNG.java:1101)
at org.testng.remote.AbstractRemoteTestNG.run(AbstractRemoteTestNG.java:115)
at org.testng.remote.RemoteTestNG.initAndRun(RemoteTestNG.java:293)
at org.testng.remote.RemoteTestNG.main(RemoteTestNG.java:91)
]]>
    </error>
  </testcase> <!-- addToCart -->
</testsuite> <!-- com.selenium.test.ecommerce_automation.demoWebShop -->
